<?xml version="1.0" encoding="UTF-8"?>
<!-- Generated by org.testng.reporters.JUnitReportReporter -->
<testsuite hostname="ATMECSINLT-013" failures="0" tests="1" name="com.atmecs.helpers.DateGeneration" time="0.781" errors="0" timestamp="29 Nov 2019 07:11:16 GMT" skipped="0">
  <testcase classname="com.atmecs.helpers.DateGeneration" name="gettingDates" time="0.781"/>
</testsuite> <!-- com.atmecs.helpers.DateGeneration -->
